<?xml version="1.0" encoding="UTF-8"?>
<testsuite name="com.gomoku.backend.BackendApplicationTests" tests="1" skipped="0" failures="0" errors="0" timestamp="2025-05-01T10:11:02.071Z" hostname="KYUNGRAEs-MacBook-Air.local" time="0.459">
  <properties/>
  <testcase name="contextLoads()" classname="com.gomoku.backend.BackendApplicationTests" time="0.459"/>
  <system-out><![CDATA[19:11:01.164 [Test worker] INFO org.springframework.test.context.support.AnnotationConfigContextLoaderUtils -- Could not detect default configuration classes for test class [com.gomoku.backend.BackendApplicationTests]: BackendApplicationTests does not declare any static, non-private, non-final, nested classes annotated with @Configuration.
19:11:01.348 [Test worker] INFO org.springframework.boot.test.context.SpringBootTestContextBootstrapper -- Found @SpringBootConfiguration com.gomoku.backend.BackendApplication for test class com.gomoku.backend.BackendApplicationTests

  .   ____          _            __ _ _
 /\\ / ___'_ __ _ _(_)_ __  __ _ \ \ \ \
( ( )\___ | '_ | '_| | '_ \/ _` | \ \ \ \
 \\/  ___)| |_)| | | | | || (_| |  ) ) ) )
  '  |____| .__|_| |_|_| |_\__, | / / / /
 =========|_|==============|___/=/_/_/_/

 :: Spring Boot ::                (v3.4.5)

2025-05-01T19:11:01.548+09:00  INFO 32161 --- [backend] [    Test worker] c.g.backend.BackendApplicationTests      : Starting BackendApplicationTests using Java 17.0.15 with PID 32161 (started by kkr in /Users/kkr/gomoku-ai-web/backend)
2025-05-01T19:11:01.549+09:00  INFO 32161 --- [backend] [    Test worker] c.g.backend.BackendApplicationTests      : No active profile set, falling back to 1 default profile: "default"
2025-05-01T19:11:02.064+09:00  INFO 32161 --- [backend] [    Test worker] c.g.backend.BackendApplicationTests      : Started BackendApplicationTests in 0.645 seconds (process running for 1.419)
]]></system-out>
  <system-err><![CDATA[]]></system-err>
</testsuite>
